state 74 contains 1 shift/reduce conflicts


-------- Grammar --------

rule 1 target: stmt
rule 2 target: exp
rule 3 stmt: ID "=" exp ";"
rule 4 stmt: "{" stmts "}"
rule 5 stmt: "{" "}"
rule 6 stmt: "if" "(" exp ")" stmt "else" stmt
rule 7 stmt: "if" "(" exp ")" stmt
rule 8 stmt: "while" "(" exp ")" stmt
rule 9 stmt: "do" stmt "until" "(" exp ")"
rule 10 stmt: "print" "(" exp ")" ";"
rule 11 stmts: stmt
rule 12 stmts: stmts stmt
rule 13 exp: ID
rule 14 exp: NUM
rule 15 exp: BOOL
rule 16 exp: "-" exp
rule 17 exp: "!" exp
rule 18 exp: exp "+" exp
rule 19 exp: exp "-" exp
rule 20 exp: exp "*" exp
rule 21 exp: exp "/" exp
rule 22 exp: exp "==" exp
rule 23 exp: exp "!=" exp
rule 24 exp: exp "<" exp
rule 25 exp: exp "<=" exp
rule 26 exp: exp ">" exp
rule 27 exp: exp ">=" exp
rule 28 exp: exp "&&" exp
rule 29 exp: exp "||" exp
rule 30 exp: "(" exp ")"
rule 31 exp: ID "(" ")"
rule 32 exp: ID "(" args ")"
rule 33 args: exp
rule 34 args: args "," exp

------- Symbols -------

**Nonterminals, with rules where they appear

  $start (32)
    on right: 
    on left : 
  target (33)
    on right: 
    on left : 1 2
  stmt (34)
    on right: 1 6 7 8 9 11 12
    on left : 3 4 5 6 7 8 9 10
  exp (35)
    on right: 2 3 6 7 8 9 10 16 17 18 19 20 21 22 23 24 25 26 27 28 29 30 33 34
    on left : 13 14 15 16 17 18 19 20 21 22 23 24 25 26 27 28 29 30 31 32
  stmts (36)
    on right: 4 12
    on left : 11 12
  args (37)
    on right: 32 34
    on left : 33 34

**Terminals, with rules where they appear

  $end (0) 
  error (1) 
  "||" (2) 29
  "&&" (3) 28
  "==" (4) 22
  "!=" (5) 23
  "<" (6) 24
  "<=" (7) 25
  ">" (8) 26
  ">=" (9) 27
  "*" (10) 20
  "/" (11) 21
  "+" (12) 18
  "-" (13) 16 19
  UMINUS (14) 
  "!" (15) 17
  ID (16) 3 13 31 32
  "=" (17) 3
  ";" (18) 3 10
  "{" (19) 4 5
  "}" (20) 4 5
  "if" (21) 6 7
  "(" (22) 6 7 8 9 10 30 31 32
  ")" (23) 6 7 8 9 10 30 31 32
  "else" (24) 6
  "while" (25) 8
  "do" (26) 9
  "until" (27) 9
  "print" (28) 10
  NUM (29) 14
  BOOL (30) 15
  "," (31) 34

--------- State ---------

state 0


  "-"           shift, and go to state 12
  "!"           shift, and go to state 13
  ID            shift, and go to state 4
  "{"           shift, and go to state 5
  "if"          shift, and go to state 6
  "("           shift, and go to state 14
  "while"       shift, and go to state 7
  "do"          shift, and go to state 8
  "print"       shift, and go to state 9
  NUM           shift, and go to state 10
  BOOL          shift, and go to state 11

  target        go to state 1
  stmt          go to state 2
  exp           go to state 3

state 1


  $end          shift, and go to state 15


state 2

   1) target : stmt _

  $default      reduce using rule 1 (target)


state 3

   2) target : exp _
  18) exp : exp _ "+" exp
  19) exp : exp _ "-" exp
  20) exp : exp _ "*" exp
  21) exp : exp _ "/" exp
  22) exp : exp _ "==" exp
  23) exp : exp _ "!=" exp
  24) exp : exp _ "<" exp
  25) exp : exp _ "<=" exp
  26) exp : exp _ ">" exp
  27) exp : exp _ ">=" exp
  28) exp : exp _ "&&" exp
  29) exp : exp _ "||" exp

  "||"          shift, and go to state 27
  "&&"          shift, and go to state 26
  "=="          shift, and go to state 20
  "!="          shift, and go to state 21
  "<"           shift, and go to state 22
  "<="          shift, and go to state 23
  ">"           shift, and go to state 24
  ">="          shift, and go to state 25
  "*"           shift, and go to state 18
  "/"           shift, and go to state 19
  "+"           shift, and go to state 16
  "-"           shift, and go to state 17
  $default      reduce using rule 2 (target)


state 4

   3) stmt : ID _ "=" exp ";"
  13) exp : ID _
  31) exp : ID _ "(" ")"
  32) exp : ID _ "(" args ")"

  "="           shift, and go to state 28
  "("           shift, and go to state 29
  $default      reduce using rule 13 (exp)


state 5

   4) stmt : "{" _ stmts "}"
   5) stmt : "{" _ "}"

  ID            shift, and go to state 30
  "{"           shift, and go to state 5
  "}"           shift, and go to state 32
  "if"          shift, and go to state 6
  "while"       shift, and go to state 7
  "do"          shift, and go to state 8
  "print"       shift, and go to state 9

  stmts         go to state 31
  stmt          go to state 33

state 6

   6) stmt : "if" _ "(" exp ")" stmt "else" stmt
   7) stmt : "if" _ "(" exp ")" stmt

  "("           shift, and go to state 34


state 7

   8) stmt : "while" _ "(" exp ")" stmt

  "("           shift, and go to state 35


state 8

   9) stmt : "do" _ stmt "until" "(" exp ")"

  ID            shift, and go to state 30
  "{"           shift, and go to state 5
  "if"          shift, and go to state 6
  "while"       shift, and go to state 7
  "do"          shift, and go to state 8
  "print"       shift, and go to state 9

  stmt          go to state 36

state 9

  10) stmt : "print" _ "(" exp ")" ";"

  "("           shift, and go to state 37


state 10

  14) exp : NUM _

  $default      reduce using rule 14 (exp)


state 11

  15) exp : BOOL _

  $default      reduce using rule 15 (exp)


state 12

  16) exp : "-" _ exp

  "-"           shift, and go to state 12
  "!"           shift, and go to state 13
  ID            shift, and go to state 38
  "("           shift, and go to state 14
  NUM           shift, and go to state 10
  BOOL          shift, and go to state 11

  exp           go to state 39

state 13

  17) exp : "!" _ exp

  "-"           shift, and go to state 12
  "!"           shift, and go to state 13
  ID            shift, and go to state 38
  "("           shift, and go to state 14
  NUM           shift, and go to state 10
  BOOL          shift, and go to state 11

  exp           go to state 40

state 14

  30) exp : "(" _ exp ")"

  "-"           shift, and go to state 12
  "!"           shift, and go to state 13
  ID            shift, and go to state 38
  "("           shift, and go to state 14
  NUM           shift, and go to state 10
  BOOL          shift, and go to state 11

  exp           go to state 41

state 15


  $end          shift, and go to state 42


state 16

  18) exp : exp "+" _ exp

  "-"           shift, and go to state 12
  "!"           shift, and go to state 13
  ID            shift, and go to state 38
  "("           shift, and go to state 14
  NUM           shift, and go to state 10
  BOOL          shift, and go to state 11

  exp           go to state 43

state 17

  19) exp : exp "-" _ exp

  "-"           shift, and go to state 12
  "!"           shift, and go to state 13
  ID            shift, and go to state 38
  "("           shift, and go to state 14
  NUM           shift, and go to state 10
  BOOL          shift, and go to state 11

  exp           go to state 44

state 18

  20) exp : exp "*" _ exp

  "-"           shift, and go to state 12
  "!"           shift, and go to state 13
  ID            shift, and go to state 38
  "("           shift, and go to state 14
  NUM           shift, and go to state 10
  BOOL          shift, and go to state 11

  exp           go to state 45

state 19

  21) exp : exp "/" _ exp

  "-"           shift, and go to state 12
  "!"           shift, and go to state 13
  ID            shift, and go to state 38
  "("           shift, and go to state 14
  NUM           shift, and go to state 10
  BOOL          shift, and go to state 11

  exp           go to state 46

state 20

  22) exp : exp "==" _ exp

  "-"           shift, and go to state 12
  "!"           shift, and go to state 13
  ID            shift, and go to state 38
  "("           shift, and go to state 14
  NUM           shift, and go to state 10
  BOOL          shift, and go to state 11

  exp           go to state 47

state 21

  23) exp : exp "!=" _ exp

  "-"           shift, and go to state 12
  "!"           shift, and go to state 13
  ID            shift, and go to state 38
  "("           shift, and go to state 14
  NUM           shift, and go to state 10
  BOOL          shift, and go to state 11

  exp           go to state 48

state 22

  24) exp : exp "<" _ exp

  "-"           shift, and go to state 12
  "!"           shift, and go to state 13
  ID            shift, and go to state 38
  "("           shift, and go to state 14
  NUM           shift, and go to state 10
  BOOL          shift, and go to state 11

  exp           go to state 49

state 23

  25) exp : exp "<=" _ exp

  "-"           shift, and go to state 12
  "!"           shift, and go to state 13
  ID            shift, and go to state 38
  "("           shift, and go to state 14
  NUM           shift, and go to state 10
  BOOL          shift, and go to state 11

  exp           go to state 50

state 24

  26) exp : exp ">" _ exp

  "-"           shift, and go to state 12
  "!"           shift, and go to state 13
  ID            shift, and go to state 38
  "("           shift, and go to state 14
  NUM           shift, and go to state 10
  BOOL          shift, and go to state 11

  exp           go to state 51

state 25

  27) exp : exp ">=" _ exp

  "-"           shift, and go to state 12
  "!"           shift, and go to state 13
  ID            shift, and go to state 38
  "("           shift, and go to state 14
  NUM           shift, and go to state 10
  BOOL          shift, and go to state 11

  exp           go to state 52

state 26

  28) exp : exp "&&" _ exp

  "-"           shift, and go to state 12
  "!"           shift, and go to state 13
  ID            shift, and go to state 38
  "("           shift, and go to state 14
  NUM           shift, and go to state 10
  BOOL          shift, and go to state 11

  exp           go to state 53

state 27

  29) exp : exp "||" _ exp

  "-"           shift, and go to state 12
  "!"           shift, and go to state 13
  ID            shift, and go to state 38
  "("           shift, and go to state 14
  NUM           shift, and go to state 10
  BOOL          shift, and go to state 11

  exp           go to state 54

state 28

   3) stmt : ID "=" _ exp ";"

  "-"           shift, and go to state 12
  "!"           shift, and go to state 13
  ID            shift, and go to state 38
  "("           shift, and go to state 14
  NUM           shift, and go to state 10
  BOOL          shift, and go to state 11

  exp           go to state 55

state 29

  31) exp : ID "(" _ ")"
  32) exp : ID "(" _ args ")"

  "-"           shift, and go to state 12
  "!"           shift, and go to state 13
  ID            shift, and go to state 38
  "("           shift, and go to state 14
  ")"           shift, and go to state 57
  NUM           shift, and go to state 10
  BOOL          shift, and go to state 11

  exp           go to state 56
  args          go to state 58

state 30

   3) stmt : ID _ "=" exp ";"

  "="           shift, and go to state 28


state 31

   4) stmt : "{" stmts _ "}"
  12) stmts : stmts _ stmt

  ID            shift, and go to state 30
  "{"           shift, and go to state 5
  "}"           shift, and go to state 59
  "if"          shift, and go to state 6
  "while"       shift, and go to state 7
  "do"          shift, and go to state 8
  "print"       shift, and go to state 9

  stmt          go to state 60

state 32

   5) stmt : "{" "}" _

  $default      reduce using rule 5 (stmt)


state 33

  11) stmts : stmt _

  $default      reduce using rule 11 (stmts)


state 34

   6) stmt : "if" "(" _ exp ")" stmt "else" stmt
   7) stmt : "if" "(" _ exp ")" stmt

  "-"           shift, and go to state 12
  "!"           shift, and go to state 13
  ID            shift, and go to state 38
  "("           shift, and go to state 14
  NUM           shift, and go to state 10
  BOOL          shift, and go to state 11

  exp           go to state 61

state 35

   8) stmt : "while" "(" _ exp ")" stmt

  "-"           shift, and go to state 12
  "!"           shift, and go to state 13
  ID            shift, and go to state 38
  "("           shift, and go to state 14
  NUM           shift, and go to state 10
  BOOL          shift, and go to state 11

  exp           go to state 62

state 36

   9) stmt : "do" stmt _ "until" "(" exp ")"

  "until"       shift, and go to state 63


state 37

  10) stmt : "print" "(" _ exp ")" ";"

  "-"           shift, and go to state 12
  "!"           shift, and go to state 13
  ID            shift, and go to state 38
  "("           shift, and go to state 14
  NUM           shift, and go to state 10
  BOOL          shift, and go to state 11

  exp           go to state 64

state 38

  13) exp : ID _
  31) exp : ID _ "(" ")"
  32) exp : ID _ "(" args ")"

  "("           shift, and go to state 29
  $default      reduce using rule 13 (exp)


state 39

  16) exp : "-" exp _
  18) exp : exp _ "+" exp
  19) exp : exp _ "-" exp
  20) exp : exp _ "*" exp
  21) exp : exp _ "/" exp
  22) exp : exp _ "==" exp
  23) exp : exp _ "!=" exp
  24) exp : exp _ "<" exp
  25) exp : exp _ "<=" exp
  26) exp : exp _ ">" exp
  27) exp : exp _ ">=" exp
  28) exp : exp _ "&&" exp
  29) exp : exp _ "||" exp

  "||"          shift, and go to state 27
  "&&"          shift, and go to state 26
  "=="          shift, and go to state 20
  "!="          shift, and go to state 21
  "<"           shift, and go to state 22
  "<="          shift, and go to state 23
  ">"           shift, and go to state 24
  ">="          shift, and go to state 25
  "*"           shift, and go to state 18
  "/"           shift, and go to state 19
  "+"           shift, and go to state 16
  "-"           shift, and go to state 17
  $default      reduce using rule 16 (exp)


state 40

  17) exp : "!" exp _
  18) exp : exp _ "+" exp
  19) exp : exp _ "-" exp
  20) exp : exp _ "*" exp
  21) exp : exp _ "/" exp
  22) exp : exp _ "==" exp
  23) exp : exp _ "!=" exp
  24) exp : exp _ "<" exp
  25) exp : exp _ "<=" exp
  26) exp : exp _ ">" exp
  27) exp : exp _ ">=" exp
  28) exp : exp _ "&&" exp
  29) exp : exp _ "||" exp

  "||"          shift, and go to state 27
  "&&"          shift, and go to state 26
  "=="          shift, and go to state 20
  "!="          shift, and go to state 21
  "<"           shift, and go to state 22
  "<="          shift, and go to state 23
  ">"           shift, and go to state 24
  ">="          shift, and go to state 25
  "*"           shift, and go to state 18
  "/"           shift, and go to state 19
  "+"           shift, and go to state 16
  "-"           shift, and go to state 17
  $default      reduce using rule 17 (exp)


state 41

  18) exp : exp _ "+" exp
  19) exp : exp _ "-" exp
  20) exp : exp _ "*" exp
  21) exp : exp _ "/" exp
  22) exp : exp _ "==" exp
  23) exp : exp _ "!=" exp
  24) exp : exp _ "<" exp
  25) exp : exp _ "<=" exp
  26) exp : exp _ ">" exp
  27) exp : exp _ ">=" exp
  28) exp : exp _ "&&" exp
  29) exp : exp _ "||" exp
  30) exp : "(" exp _ ")"

  "||"          shift, and go to state 27
  "&&"          shift, and go to state 26
  "=="          shift, and go to state 20
  "!="          shift, and go to state 21
  "<"           shift, and go to state 22
  "<="          shift, and go to state 23
  ">"           shift, and go to state 24
  ">="          shift, and go to state 25
  "*"           shift, and go to state 18
  "/"           shift, and go to state 19
  "+"           shift, and go to state 16
  "-"           shift, and go to state 17
  ")"           shift, and go to state 65


state 42


  $default      accept


state 43

  18) exp : exp _ "+" exp
  18) exp : exp "+" exp _
  19) exp : exp _ "-" exp
  20) exp : exp _ "*" exp
  21) exp : exp _ "/" exp
  22) exp : exp _ "==" exp
  23) exp : exp _ "!=" exp
  24) exp : exp _ "<" exp
  25) exp : exp _ "<=" exp
  26) exp : exp _ ">" exp
  27) exp : exp _ ">=" exp
  28) exp : exp _ "&&" exp
  29) exp : exp _ "||" exp

  "||"          shift, and go to state 27
  "&&"          shift, and go to state 26
  "=="          shift, and go to state 20
  "!="          shift, and go to state 21
  "<"           shift, and go to state 22
  "<="          shift, and go to state 23
  ">"           shift, and go to state 24
  ">="          shift, and go to state 25
  "*"           shift, and go to state 18
  "/"           shift, and go to state 19
  $default      reduce using rule 18 (exp)


state 44

  18) exp : exp _ "+" exp
  19) exp : exp _ "-" exp
  19) exp : exp "-" exp _
  20) exp : exp _ "*" exp
  21) exp : exp _ "/" exp
  22) exp : exp _ "==" exp
  23) exp : exp _ "!=" exp
  24) exp : exp _ "<" exp
  25) exp : exp _ "<=" exp
  26) exp : exp _ ">" exp
  27) exp : exp _ ">=" exp
  28) exp : exp _ "&&" exp
  29) exp : exp _ "||" exp

  "||"          shift, and go to state 27
  "&&"          shift, and go to state 26
  "=="          shift, and go to state 20
  "!="          shift, and go to state 21
  "<"           shift, and go to state 22
  "<="          shift, and go to state 23
  ">"           shift, and go to state 24
  ">="          shift, and go to state 25
  "*"           shift, and go to state 18
  "/"           shift, and go to state 19
  $default      reduce using rule 19 (exp)


state 45

  18) exp : exp _ "+" exp
  19) exp : exp _ "-" exp
  20) exp : exp _ "*" exp
  20) exp : exp "*" exp _
  21) exp : exp _ "/" exp
  22) exp : exp _ "==" exp
  23) exp : exp _ "!=" exp
  24) exp : exp _ "<" exp
  25) exp : exp _ "<=" exp
  26) exp : exp _ ">" exp
  27) exp : exp _ ">=" exp
  28) exp : exp _ "&&" exp
  29) exp : exp _ "||" exp

  "||"          shift, and go to state 27
  "&&"          shift, and go to state 26
  "=="          shift, and go to state 20
  "!="          shift, and go to state 21
  "<"           shift, and go to state 22
  "<="          shift, and go to state 23
  ">"           shift, and go to state 24
  ">="          shift, and go to state 25
  $default      reduce using rule 20 (exp)


state 46

  18) exp : exp _ "+" exp
  19) exp : exp _ "-" exp
  20) exp : exp _ "*" exp
  21) exp : exp _ "/" exp
  21) exp : exp "/" exp _
  22) exp : exp _ "==" exp
  23) exp : exp _ "!=" exp
  24) exp : exp _ "<" exp
  25) exp : exp _ "<=" exp
  26) exp : exp _ ">" exp
  27) exp : exp _ ">=" exp
  28) exp : exp _ "&&" exp
  29) exp : exp _ "||" exp

  "||"          shift, and go to state 27
  "&&"          shift, and go to state 26
  "=="          shift, and go to state 20
  "!="          shift, and go to state 21
  "<"           shift, and go to state 22
  "<="          shift, and go to state 23
  ">"           shift, and go to state 24
  ">="          shift, and go to state 25
  $default      reduce using rule 21 (exp)


state 47

  18) exp : exp _ "+" exp
  19) exp : exp _ "-" exp
  20) exp : exp _ "*" exp
  21) exp : exp _ "/" exp
  22) exp : exp _ "==" exp
  22) exp : exp "==" exp _
  23) exp : exp _ "!=" exp
  24) exp : exp _ "<" exp
  25) exp : exp _ "<=" exp
  26) exp : exp _ ">" exp
  27) exp : exp _ ">=" exp
  28) exp : exp _ "&&" exp
  29) exp : exp _ "||" exp

  "||"          shift, and go to state 27
  "&&"          shift, and go to state 26
  "=="          error
  "!="          error
  "<"           error
  "<="          error
  ">"           error
  ">="          error
  $default      reduce using rule 22 (exp)


state 48

  18) exp : exp _ "+" exp
  19) exp : exp _ "-" exp
  20) exp : exp _ "*" exp
  21) exp : exp _ "/" exp
  22) exp : exp _ "==" exp
  23) exp : exp _ "!=" exp
  23) exp : exp "!=" exp _
  24) exp : exp _ "<" exp
  25) exp : exp _ "<=" exp
  26) exp : exp _ ">" exp
  27) exp : exp _ ">=" exp
  28) exp : exp _ "&&" exp
  29) exp : exp _ "||" exp

  "||"          shift, and go to state 27
  "&&"          shift, and go to state 26
  "=="          error
  "!="          error
  "<"           error
  "<="          error
  ">"           error
  ">="          error
  $default      reduce using rule 23 (exp)


state 49

  18) exp : exp _ "+" exp
  19) exp : exp _ "-" exp
  20) exp : exp _ "*" exp
  21) exp : exp _ "/" exp
  22) exp : exp _ "==" exp
  23) exp : exp _ "!=" exp
  24) exp : exp _ "<" exp
  24) exp : exp "<" exp _
  25) exp : exp _ "<=" exp
  26) exp : exp _ ">" exp
  27) exp : exp _ ">=" exp
  28) exp : exp _ "&&" exp
  29) exp : exp _ "||" exp

  "||"          shift, and go to state 27
  "&&"          shift, and go to state 26
  "=="          error
  "!="          error
  "<"           error
  "<="          error
  ">"           error
  ">="          error
  $default      reduce using rule 24 (exp)


state 50

  18) exp : exp _ "+" exp
  19) exp : exp _ "-" exp
  20) exp : exp _ "*" exp
  21) exp : exp _ "/" exp
  22) exp : exp _ "==" exp
  23) exp : exp _ "!=" exp
  24) exp : exp _ "<" exp
  25) exp : exp _ "<=" exp
  25) exp : exp "<=" exp _
  26) exp : exp _ ">" exp
  27) exp : exp _ ">=" exp
  28) exp : exp _ "&&" exp
  29) exp : exp _ "||" exp

  "||"          shift, and go to state 27
  "&&"          shift, and go to state 26
  "=="          error
  "!="          error
  "<"           error
  "<="          error
  ">"           error
  ">="          error
  $default      reduce using rule 25 (exp)


state 51

  18) exp : exp _ "+" exp
  19) exp : exp _ "-" exp
  20) exp : exp _ "*" exp
  21) exp : exp _ "/" exp
  22) exp : exp _ "==" exp
  23) exp : exp _ "!=" exp
  24) exp : exp _ "<" exp
  25) exp : exp _ "<=" exp
  26) exp : exp _ ">" exp
  26) exp : exp ">" exp _
  27) exp : exp _ ">=" exp
  28) exp : exp _ "&&" exp
  29) exp : exp _ "||" exp

  "||"          shift, and go to state 27
  "&&"          shift, and go to state 26
  "=="          error
  "!="          error
  "<"           error
  "<="          error
  ">"           error
  ">="          error
  $default      reduce using rule 26 (exp)


state 52

  18) exp : exp _ "+" exp
  19) exp : exp _ "-" exp
  20) exp : exp _ "*" exp
  21) exp : exp _ "/" exp
  22) exp : exp _ "==" exp
  23) exp : exp _ "!=" exp
  24) exp : exp _ "<" exp
  25) exp : exp _ "<=" exp
  26) exp : exp _ ">" exp
  27) exp : exp _ ">=" exp
  27) exp : exp ">=" exp _
  28) exp : exp _ "&&" exp
  29) exp : exp _ "||" exp

  "||"          shift, and go to state 27
  "&&"          shift, and go to state 26
  "=="          error
  "!="          error
  "<"           error
  "<="          error
  ">"           error
  ">="          error
  $default      reduce using rule 27 (exp)


state 53

  18) exp : exp _ "+" exp
  19) exp : exp _ "-" exp
  20) exp : exp _ "*" exp
  21) exp : exp _ "/" exp
  22) exp : exp _ "==" exp
  23) exp : exp _ "!=" exp
  24) exp : exp _ "<" exp
  25) exp : exp _ "<=" exp
  26) exp : exp _ ">" exp
  27) exp : exp _ ">=" exp
  28) exp : exp _ "&&" exp
  28) exp : exp "&&" exp _
  29) exp : exp _ "||" exp

  "||"          shift, and go to state 27
  $default      reduce using rule 28 (exp)


state 54

  18) exp : exp _ "+" exp
  19) exp : exp _ "-" exp
  20) exp : exp _ "*" exp
  21) exp : exp _ "/" exp
  22) exp : exp _ "==" exp
  23) exp : exp _ "!=" exp
  24) exp : exp _ "<" exp
  25) exp : exp _ "<=" exp
  26) exp : exp _ ">" exp
  27) exp : exp _ ">=" exp
  28) exp : exp _ "&&" exp
  29) exp : exp _ "||" exp
  29) exp : exp "||" exp _

  $default      reduce using rule 29 (exp)


state 55

   3) stmt : ID "=" exp _ ";"
  18) exp : exp _ "+" exp
  19) exp : exp _ "-" exp
  20) exp : exp _ "*" exp
  21) exp : exp _ "/" exp
  22) exp : exp _ "==" exp
  23) exp : exp _ "!=" exp
  24) exp : exp _ "<" exp
  25) exp : exp _ "<=" exp
  26) exp : exp _ ">" exp
  27) exp : exp _ ">=" exp
  28) exp : exp _ "&&" exp
  29) exp : exp _ "||" exp

  "||"          shift, and go to state 27
  "&&"          shift, and go to state 26
  "=="          shift, and go to state 20
  "!="          shift, and go to state 21
  "<"           shift, and go to state 22
  "<="          shift, and go to state 23
  ">"           shift, and go to state 24
  ">="          shift, and go to state 25
  "*"           shift, and go to state 18
  "/"           shift, and go to state 19
  "+"           shift, and go to state 16
  "-"           shift, and go to state 17
  ";"           shift, and go to state 66


state 56

  18) exp : exp _ "+" exp
  19) exp : exp _ "-" exp
  20) exp : exp _ "*" exp
  21) exp : exp _ "/" exp
  22) exp : exp _ "==" exp
  23) exp : exp _ "!=" exp
  24) exp : exp _ "<" exp
  25) exp : exp _ "<=" exp
  26) exp : exp _ ">" exp
  27) exp : exp _ ">=" exp
  28) exp : exp _ "&&" exp
  29) exp : exp _ "||" exp
  33) args : exp _

  "||"          shift, and go to state 27
  "&&"          shift, and go to state 26
  "=="          shift, and go to state 20
  "!="          shift, and go to state 21
  "<"           shift, and go to state 22
  "<="          shift, and go to state 23
  ">"           shift, and go to state 24
  ">="          shift, and go to state 25
  "*"           shift, and go to state 18
  "/"           shift, and go to state 19
  "+"           shift, and go to state 16
  "-"           shift, and go to state 17
  $default      reduce using rule 33 (args)


state 57

  31) exp : ID "(" ")" _

  $default      reduce using rule 31 (exp)


state 58

  32) exp : ID "(" args _ ")"
  34) args : args _ "," exp

  ")"           shift, and go to state 67
  ","           shift, and go to state 68


state 59

   4) stmt : "{" stmts "}" _

  $default      reduce using rule 4 (stmt)


state 60

  12) stmts : stmts stmt _

  $default      reduce using rule 12 (stmts)


state 61

   6) stmt : "if" "(" exp _ ")" stmt "else" stmt
   7) stmt : "if" "(" exp _ ")" stmt
  18) exp : exp _ "+" exp
  19) exp : exp _ "-" exp
  20) exp : exp _ "*" exp
  21) exp : exp _ "/" exp
  22) exp : exp _ "==" exp
  23) exp : exp _ "!=" exp
  24) exp : exp _ "<" exp
  25) exp : exp _ "<=" exp
  26) exp : exp _ ">" exp
  27) exp : exp _ ">=" exp
  28) exp : exp _ "&&" exp
  29) exp : exp _ "||" exp

  "||"          shift, and go to state 27
  "&&"          shift, and go to state 26
  "=="          shift, and go to state 20
  "!="          shift, and go to state 21
  "<"           shift, and go to state 22
  "<="          shift, and go to state 23
  ">"           shift, and go to state 24
  ">="          shift, and go to state 25
  "*"           shift, and go to state 18
  "/"           shift, and go to state 19
  "+"           shift, and go to state 16
  "-"           shift, and go to state 17
  ")"           shift, and go to state 69


state 62

   8) stmt : "while" "(" exp _ ")" stmt
  18) exp : exp _ "+" exp
  19) exp : exp _ "-" exp
  20) exp : exp _ "*" exp
  21) exp : exp _ "/" exp
  22) exp : exp _ "==" exp
  23) exp : exp _ "!=" exp
  24) exp : exp _ "<" exp
  25) exp : exp _ "<=" exp
  26) exp : exp _ ">" exp
  27) exp : exp _ ">=" exp
  28) exp : exp _ "&&" exp
  29) exp : exp _ "||" exp

  "||"          shift, and go to state 27
  "&&"          shift, and go to state 26
  "=="          shift, and go to state 20
  "!="          shift, and go to state 21
  "<"           shift, and go to state 22
  "<="          shift, and go to state 23
  ">"           shift, and go to state 24
  ">="          shift, and go to state 25
  "*"           shift, and go to state 18
  "/"           shift, and go to state 19
  "+"           shift, and go to state 16
  "-"           shift, and go to state 17
  ")"           shift, and go to state 70


state 63

   9) stmt : "do" stmt "until" _ "(" exp ")"

  "("           shift, and go to state 71


state 64

  10) stmt : "print" "(" exp _ ")" ";"
  18) exp : exp _ "+" exp
  19) exp : exp _ "-" exp
  20) exp : exp _ "*" exp
  21) exp : exp _ "/" exp
  22) exp : exp _ "==" exp
  23) exp : exp _ "!=" exp
  24) exp : exp _ "<" exp
  25) exp : exp _ "<=" exp
  26) exp : exp _ ">" exp
  27) exp : exp _ ">=" exp
  28) exp : exp _ "&&" exp
  29) exp : exp _ "||" exp

  "||"          shift, and go to state 27
  "&&"          shift, and go to state 26
  "=="          shift, and go to state 20
  "!="          shift, and go to state 21
  "<"           shift, and go to state 22
  "<="          shift, and go to state 23
  ">"           shift, and go to state 24
  ">="          shift, and go to state 25
  "*"           shift, and go to state 18
  "/"           shift, and go to state 19
  "+"           shift, and go to state 16
  "-"           shift, and go to state 17
  ")"           shift, and go to state 72


state 65

  30) exp : "(" exp ")" _

  $default      reduce using rule 30 (exp)


state 66

   3) stmt : ID "=" exp ";" _

  $default      reduce using rule 3 (stmt)


state 67

  32) exp : ID "(" args ")" _

  $default      reduce using rule 32 (exp)


state 68

  34) args : args "," _ exp

  "-"           shift, and go to state 12
  "!"           shift, and go to state 13
  ID            shift, and go to state 38
  "("           shift, and go to state 14
  NUM           shift, and go to state 10
  BOOL          shift, and go to state 11

  exp           go to state 73

state 69

   6) stmt : "if" "(" exp ")" _ stmt "else" stmt
   7) stmt : "if" "(" exp ")" _ stmt

  ID            shift, and go to state 30
  "{"           shift, and go to state 5
  "if"          shift, and go to state 6
  "while"       shift, and go to state 7
  "do"          shift, and go to state 8
  "print"       shift, and go to state 9

  stmt          go to state 74

state 70

   8) stmt : "while" "(" exp ")" _ stmt

  ID            shift, and go to state 30
  "{"           shift, and go to state 5
  "if"          shift, and go to state 6
  "while"       shift, and go to state 7
  "do"          shift, and go to state 8
  "print"       shift, and go to state 9

  stmt          go to state 75

state 71

   9) stmt : "do" stmt "until" "(" _ exp ")"

  "-"           shift, and go to state 12
  "!"           shift, and go to state 13
  ID            shift, and go to state 38
  "("           shift, and go to state 14
  NUM           shift, and go to state 10
  BOOL          shift, and go to state 11

  exp           go to state 76

state 72

  10) stmt : "print" "(" exp ")" _ ";"

  ";"           shift, and go to state 77


state 73

  18) exp : exp _ "+" exp
  19) exp : exp _ "-" exp
  20) exp : exp _ "*" exp
  21) exp : exp _ "/" exp
  22) exp : exp _ "==" exp
  23) exp : exp _ "!=" exp
  24) exp : exp _ "<" exp
  25) exp : exp _ "<=" exp
  26) exp : exp _ ">" exp
  27) exp : exp _ ">=" exp
  28) exp : exp _ "&&" exp
  29) exp : exp _ "||" exp
  34) args : args "," exp _

  "||"          shift, and go to state 27
  "&&"          shift, and go to state 26
  "=="          shift, and go to state 20
  "!="          shift, and go to state 21
  "<"           shift, and go to state 22
  "<="          shift, and go to state 23
  ">"           shift, and go to state 24
  ">="          shift, and go to state 25
  "*"           shift, and go to state 18
  "/"           shift, and go to state 19
  "+"           shift, and go to state 16
  "-"           shift, and go to state 17
  $default      reduce using rule 34 (args)


state 74

   6) stmt : "if" "(" exp ")" stmt _ "else" stmt
   7) stmt : "if" "(" exp ")" stmt _

  "else"        shift, and go to state 78
  "else"        [reduce using rule 7 (stmt)]
  $default      reduce using rule 7 (stmt)


state 75

   8) stmt : "while" "(" exp ")" stmt _

  $default      reduce using rule 8 (stmt)


state 76

   9) stmt : "do" stmt "until" "(" exp _ ")"
  18) exp : exp _ "+" exp
  19) exp : exp _ "-" exp
  20) exp : exp _ "*" exp
  21) exp : exp _ "/" exp
  22) exp : exp _ "==" exp
  23) exp : exp _ "!=" exp
  24) exp : exp _ "<" exp
  25) exp : exp _ "<=" exp
  26) exp : exp _ ">" exp
  27) exp : exp _ ">=" exp
  28) exp : exp _ "&&" exp
  29) exp : exp _ "||" exp

  "||"          shift, and go to state 27
  "&&"          shift, and go to state 26
  "=="          shift, and go to state 20
  "!="          shift, and go to state 21
  "<"           shift, and go to state 22
  "<="          shift, and go to state 23
  ">"           shift, and go to state 24
  ">="          shift, and go to state 25
  "*"           shift, and go to state 18
  "/"           shift, and go to state 19
  "+"           shift, and go to state 16
  "-"           shift, and go to state 17
  ")"           shift, and go to state 79


state 77

  10) stmt : "print" "(" exp ")" ";" _

  $default      reduce using rule 10 (stmt)


state 78

   6) stmt : "if" "(" exp ")" stmt "else" _ stmt

  ID            shift, and go to state 30
  "{"           shift, and go to state 5
  "if"          shift, and go to state 6
  "while"       shift, and go to state 7
  "do"          shift, and go to state 8
  "print"       shift, and go to state 9

  stmt          go to state 80

state 79

   9) stmt : "do" stmt "until" "(" exp ")" _

  $default      reduce using rule 9 (stmt)


state 80

   6) stmt : "if" "(" exp ")" stmt "else" stmt _

  $default      reduce using rule 6 (stmt)

